<?xml version="1.0" encoding="UTF-8"?>
<!-- Generated by org.testng.reporters.JUnitReportReporter -->
<testsuite hostname="LAPTOP-M81C40N3" failures="0" tests="1" name="com.saucedemo.testclass.TC04_verifymultipleelement" time="2.935" errors="0" timestamp="2022-10-11T16:16:30 IST" skipped="0">
  <testcase classname="com.saucedemo.testclass.TC04_verifymultipleelement" name="verifymultipleelement" time="2.935"/>
  <system-out/>
</testsuite> <!-- com.saucedemo.testclass.TC04_verifymultipleelement -->
